C51 COMPILER V9.59.0.0   MAIN                                                              02/11/2022 16:31:13 PAGE 1   


C51 COMPILER V9.59.0.0, COMPILATION OF MODULE MAIN
OBJECT MODULE PLACED IN .\Objects\main.obj
COMPILER INVOKED BY: D:\Keil_v5\C51\BIN\C51.EXE main.c OPTIMIZE(8,SPEED) BROWSE DEBUG OBJECTEXTEND PRINT(.\Listings\main
                    -.lst) TABS(2) OBJECT(.\Objects\main.obj)

line level    source

   1          #include <STC15F2K60S2.H>
   2          
   3          sbit a=P2^5;
   4          sbit b=P2^6;
   5          sbit c=P2^7;
   6          void M74hc138(unsigned char channal)
   7          {
   8   1        switch (channal)
   9   1        {
  10   2          case 4:
  11   2            a=0;b=0;c=1;break;
  12   2          case 5:
  13   2            a=1;b=0;c=1;break;
  14   2        }
  15   1      }
  16          
  17          void begin()
  18          {
  19   1        M74hc138(4);
  20   1        P0=0xff;
  21   1        M74hc138(5);
  22   1        P0=0x00;
  23   1      }
  24          //============ 
  25          void inituart ()
  26          {
  27   1        TMOD=0x20;
  28   1        TH1=0xfd;
  29   1        TL1=0xfd;
  30   1        TR1 = 1;
  31   1        
  32   1        SCON=0x50;
  33   1        AUXR=0x00;
  34   1        
  35   1        EA=1;
  36   1        ES=1;
  37   1      }
  38          
  39          void Severuart()   interrupt  4
  40          {
  41   1        if(RI==1)
  42   1        {
  43   2          
  44   2          
  45   2        }
  46   1      }
  47          
  48          
  49          void Sendbit( unsigned  char thing)
  50          {
  51   1        SBUF = thing;
  52   1        while(TI==0);
  53   1        TI=0;
  54   1      
C51 COMPILER V9.59.0.0   MAIN                                                              02/11/2022 16:31:13 PAGE 2   

  55   1      }
  56          
  57          void sendthing(unsigned  char *str)
  58          {
  59   1        while(*str !='\0')
  60   1        {
  61   2          Sendbit(*str ++);
  62   2        }
  63   1      }
  64          //=============
  65          void  main()
  66          {
  67   1        begin();
  68   1        
  69   1        inituart ();
  70   1        sendthing("welcome to  world \n");
  71   1        while(1)
  72   1        {
  73   2          
  74   2        }
  75   1      }


MODULE INFORMATION:   STATIC OVERLAYABLE
   CODE SIZE        =    120    ----
   CONSTANT SIZE    =     20    ----
   XDATA SIZE       =   ----    ----
   PDATA SIZE       =   ----    ----
   DATA SIZE        =   ----       3
   IDATA SIZE       =   ----    ----
   BIT SIZE         =   ----    ----
END OF MODULE INFORMATION.


C51 COMPILATION COMPLETE.  0 WARNING(S),  0 ERROR(S)
