C51 COMPILER V9.59.0.0   MAIN                                                              03/16/2022 18:13:19 PAGE 1   


C51 COMPILER V9.59.0.0, COMPILATION OF MODULE MAIN
OBJECT MODULE PLACED IN .\Objects\main.obj
COMPILER INVOKED BY: D:\Keil_v5\C51\BIN\C51.EXE main.c OPTIMIZE(8,SPEED) BROWSE DEBUG OBJECTEXTEND PRINT(.\Listings\main
                    -.lst) TABS(2) OBJECT(.\Objects\main.obj)

line level    source

   1          #include <STC15F2K60S2.H>
   2          
   3          unsigned char code NixieTable[]={0xc0,0xf9,0xa4,0xb0,0x99,0x92,0x82,0xf8,
   4                                      0x80,0x90,0x88,0x83,0xc6,0xa1,0x86,0x8e,
   5                                      0xbf,0x7f};
   6          sbit R1 = P3^0;
   7          sbit R2 = P3^1;
   8          sbit R3 = P3^2;
   9          sbit R4 = P3^3;
  10          
  11          sbit C4 = P3^4; 
  12          sbit C3 = P3^5;
  13          sbit C2 = P4^2;
  14          sbit C1 = P4^4;
  15          
  16          void HC138_Init(unsigned char channel)
  17          {
  18   1        switch(channel)
  19   1        {
  20   2          case 4: P2 = (P2&0x1f) | 0x80; break;
  21   2          case 5: P2 = (P2&0x1f) | 0xa0; break;
  22   2          case 6: P2 = (P2&0x1f) | 0xc0; break;
  23   2          case 7: P2 = (P2&0x1f) | 0xe0; break;
  24   2        }
  25   1      }
  26          void DisplayKeyNum(unsigned char value)
  27          {
  28   1        HC138_Init(6);
  29   1        P0 = 0x01;
  30   1        HC138_Init(7);
  31   1        P0 = value;
  32   1      }
  33          void System_init()
  34          {
  35   1        HC138_Init(5);
  36   1        P0 = 0x00;
  37   1        HC138_Init(4);
  38   1        P0 = 0xff;  
  39   1      }
  40          
  41          unsigned char KeyNum;
  42          void Key_Scan()
  43          {
  44   1        R1 = 0;
  45   1        R2=R3=R4=1;
  46   1        C1=C2=C3=C4=1;
  47   1        if(C1==0) {while(C1==0);KeyNum=0;DisplayKeyNum(NixieTable[KeyNum]);}
  48   1        if(C2==0) {while(C2==0);KeyNum=1;DisplayKeyNum(NixieTable[KeyNum]);}
  49   1        if(C3==0) {while(C3==0);KeyNum=2;DisplayKeyNum(NixieTable[KeyNum]);}
  50   1        if(C4==0) {while(C4==0);KeyNum=3;DisplayKeyNum(NixieTable[KeyNum]);}
  51   1        
  52   1        R2 = 0;
  53   1        R1=R3=R4=1;
  54   1        C1=C2=C3=C4=1;
C51 COMPILER V9.59.0.0   MAIN                                                              03/16/2022 18:13:19 PAGE 2   

  55   1        if(C1==0) {while(C1==0);KeyNum=4;DisplayKeyNum(NixieTable[KeyNum]);}
  56   1        if(C2==0) {while(C2==0);KeyNum=5;DisplayKeyNum(NixieTable[KeyNum]);}
  57   1        if(C3==0) {while(C3==0);KeyNum=6;DisplayKeyNum(NixieTable[KeyNum]);}
  58   1        if(C4==0) {while(C4==0);KeyNum=7;DisplayKeyNum(NixieTable[KeyNum]);}
  59   1        
  60   1        R3 = 0;
  61   1        R2=R1=R4=1;
  62   1        C1=C2=C3=C4=1;
  63   1        if(C1==0) {while(C1==0);KeyNum=8;DisplayKeyNum(NixieTable[KeyNum]);}
  64   1        if(C2==0) {while(C2==0);KeyNum=9;DisplayKeyNum(NixieTable[KeyNum]);}
  65   1        if(C3==0) {while(C3==0);KeyNum=10;DisplayKeyNum(NixieTable[KeyNum]);}
  66   1        if(C4==0) {while(C4==0);KeyNum=11;DisplayKeyNum(NixieTable[KeyNum]);}
  67   1        
  68   1        R4 = 0;
  69   1        R2=R3=R1=1;
  70   1        C1=C2=C3=C4=1;
  71   1        if(C1==0) {while(C1==0);KeyNum=12;DisplayKeyNum(NixieTable[KeyNum]);}
  72   1        if(C2==0) {while(C2==0);KeyNum=13;DisplayKeyNum(NixieTable[KeyNum]);}
  73   1        if(C3==0) {while(C3==0);KeyNum=14;DisplayKeyNum(NixieTable[KeyNum]);}
  74   1        if(C4==0) {while(C4==0);KeyNum=15;DisplayKeyNum(NixieTable[KeyNum]);}
  75   1      }
  76          
  77          
  78          
  79          void main()
  80          {
  81   1        System_init();
  82   1        while(1)
  83   1        {
  84   2          Key_Scan();
  85   2        }
  86   1      }


MODULE INFORMATION:   STATIC OVERLAYABLE
   CODE SIZE        =    356    ----
   CONSTANT SIZE    =     18    ----
   XDATA SIZE       =   ----    ----
   PDATA SIZE       =   ----    ----
   DATA SIZE        =      1    ----
   IDATA SIZE       =   ----    ----
   BIT SIZE         =   ----    ----
END OF MODULE INFORMATION.


C51 COMPILATION COMPLETE.  0 WARNING(S),  0 ERROR(S)
