C51 COMPILER V9.59.0.0   MAIN                                                              02/12/2022 13:47:12 PAGE 1   


C51 COMPILER V9.59.0.0, COMPILATION OF MODULE MAIN
OBJECT MODULE PLACED IN .\Objects\main.obj
COMPILER INVOKED BY: D:\Keil_v5\C51\BIN\C51.EXE main.c OPTIMIZE(8,SPEED) BROWSE DEBUG OBJECTEXTEND PRINT(.\Listings\main
                    -.lst) TABS(2) OBJECT(.\Objects\main.obj)

line level    source

   1          #include <STC15F2K60S2.H>
   2          
   3          sbit L1 = P0^0;
   4          sbit L8 = P0^7;
   5          
   6          void HC138_Init(unsigned char channel)
   7          {
   8   1        switch(channel)
   9   1        {
  10   2          case 4: P2 = (P2 & 0x1f)|0x80;break;
  11   2          case 5: P2 = (P2 & 0x1f)|0xa0;break;
  12   2          case 6: P2 = (P2 & 0x1f)|0xc0;break;
  13   2          case 7: P2 = (P2 & 0x1f)|0xe0;break;
  14   2        }
  15   1      }
  16          
  17          void System_Init()
  18          {
  19   1        HC138_Init(5);
  20   1        P0 = 0x00;
  21   1        HC138_Init(4);
  22   1        P0 = 0xff;
  23   1      }
  24          //=================================
  25          void Timer0_Init()
  26          {
  27   1        TMOD = 0X01;
  28   1        TH0 = (65535-50000)/256;
  29   1        TL0 = (65535-50000)%256;
  30   1        
  31   1        
  32   1        TR0 = 1;
  33   1        ET0 = 1;
  34   1        EA = 1;
  35   1      }
  36          unsigned char flag;
  37          void Timer0_Service() interrupt 1
  38          {
  39   1        TH0 = (65535-50000)/256;
  40   1        TL0 = (65535-50000)%256;
  41   1        flag++;
  42   1        if(!(flag%10))
  43   1        {
  44   2          L1 = ~L1;
  45   2        }
  46   1        if(flag == 100)
  47   1        {
  48   2          L8 = ~L8;
  49   2          flag=0;
  50   2        }
  51   1      }
  52          //=================================
  53          void main()
  54          {
C51 COMPILER V9.59.0.0   MAIN                                                              02/12/2022 13:47:12 PAGE 2   

  55   1        System_Init();
  56   1        Timer0_Init();
  57   1        while(1)
  58   1        {
  59   2          
  60   2        }
  61   1      }


MODULE INFORMATION:   STATIC OVERLAYABLE
   CODE SIZE        =    134    ----
   CONSTANT SIZE    =   ----    ----
   XDATA SIZE       =   ----    ----
   PDATA SIZE       =   ----    ----
   DATA SIZE        =      1    ----
   IDATA SIZE       =   ----    ----
   BIT SIZE         =   ----    ----
END OF MODULE INFORMATION.


C51 COMPILATION COMPLETE.  0 WARNING(S),  0 ERROR(S)
