C51 COMPILER V9.59.0.0   MAIN                                                              02/12/2022 14:20:39 PAGE 1   


C51 COMPILER V9.59.0.0, COMPILATION OF MODULE MAIN
OBJECT MODULE PLACED IN .\Objects\main.obj
COMPILER INVOKED BY: D:\Keil_v5\C51\BIN\C51.EXE main.c OPTIMIZE(8,SPEED) BROWSE DEBUG OBJECTEXTEND PRINT(.\Listings\main
                    -.lst) TABS(2) OBJECT(.\Objects\main.obj)

line level    source

   1          #include <STC15F2K60S2.H>
   2          
   3          sbit S4 = P3^3;
   4          sbit S5 = P3^2; 
   5          
   6          
   7          
   8          unsigned char code NixieTable[]={0xc0,0xf9,0xa4,0xb0,0x99,0x92,0x82,0xf8,
   9                                      0x80,0x90,0x88,0x83,0xc6,0xa1,0x86,0x8e,
  10                                      0xbf,0x7f};
  11          
  12          void HC138_Init(unsigned int x)
  13          {
  14   1        switch(x)
  15   1        {
  16   2          case 4:   P2 =(P2 & 0x1f) | 0x80;    break;
  17   2          case 5:   P2 =(P2 & 0x1f) | 0xA0;    break;
  18   2          case 6:   P2 =(P2 & 0x1f) | 0xC0;    break;
  19   2          case 7:   P2 =(P2 & 0x1f) | 0xE0;    break;
  20   2        }
  21   1      } 
  22          
  23          void Nixie_Display(unsigned char pose,unsigned char dat)
  24          {
  25   1        HC138_Init(6);
  26   1        P0 = 0x01 <<pose;
  27   1        HC138_Init(7);
  28   1        P0 = dat;
  29   1      }
  30          
  31          //=======================================
  32          void Timer0_Init()
  33          {
  34   1        TMOD = 0x01;
  35   1        TH0 = (65565-50000)/256;
  36   1        TL0 = (65535-50000)%256;
  37   1        
  38   1        ET0 = 1;
  39   1        EA = 1;
  40   1      }
  41          unsigned char count,count_s,count_m;
  42          void Timer_Service() interrupt 1
  43          { 
  44   1        count++;
  45   1        TH0 = (65565-50000)/256;
  46   1        TL0 = (65535-50000)%256;
  47   1      
  48   1        if(count == 20)
  49   1        {
  50   2          count_s++;
  51   2          count=0;
  52   2          if(count_s ==60)
  53   2          {
  54   3            count_m++;
C51 COMPILER V9.59.0.0   MAIN                                                              02/12/2022 14:20:39 PAGE 2   

  55   3            count_s=0;
  56   3            if(count_m==60)
  57   3            {
  58   4              count_m=0;
  59   4            }
  60   3          }
  61   2        }
  62   1      }
  63          //=======================================
  64          
  65          void Delay(unsigned int t)
  66          {
  67   1        while(t--);
  68   1      }
  69          
  70          void Timer0_Display()
  71          {
  72   1        Nixie_Display(7,NixieTable[count%10]);
  73   1        Delay(200);
  74   1        Nixie_Display(6,NixieTable[count/10]);
  75   1        Delay(200);
  76   1        Nixie_Display(5,NixieTable[16]);
  77   1        Delay(200);
  78   1        Nixie_Display(4,NixieTable[count_s%10]);
  79   1        Delay(200);
  80   1        Nixie_Display(3,NixieTable[count_s/10]);
  81   1        Delay(200);
  82   1        Nixie_Display(2,NixieTable[16]);
  83   1        Delay(200);
  84   1        Nixie_Display(1,NixieTable[count_m%10]);
  85   1        Delay(200);
  86   1        Nixie_Display(0,NixieTable[count_m/10]);
  87   1        Delay(200);
  88   1        HC138_Init(6);
  89   1        P0 = 0xff;
  90   1        HC138_Init(7);
  91   1        P0 = 0xff;
  92   1      }
  93          void Key_Scan()
  94          {
  95   1        if(S4 == 0)
  96   1        {
  97   2          Delay(100);
  98   2          if(S4==0)
  99   2          {
 100   3            TR0 = ~TR0;
 101   3            while(S4==0)
 102   3            {
 103   4              Timer0_Display();
 104   4            }
 105   3          }
 106   2        }
 107   1        if(S5 == 0)
 108   1        {
 109   2          Delay(100);
 110   2          if(S5==0)
 111   2          {
 112   3            count=0;count_s=0;count_m=0;
 113   3            while(S5==0)
 114   3            {
 115   4              Timer0_Display();
 116   4            }
C51 COMPILER V9.59.0.0   MAIN                                                              02/12/2022 14:20:39 PAGE 3   

 117   3          }
 118   2        }
 119   1      }
 120          
 121          void main()
 122          {
 123   1        Timer0_Init();
 124   1        while(1)
 125   1        {
 126   2          Timer0_Display();
 127   2          Key_Scan();
 128   2        }
 129   1      }


MODULE INFORMATION:   STATIC OVERLAYABLE
   CODE SIZE        =    346    ----
   CONSTANT SIZE    =     18    ----
   XDATA SIZE       =   ----    ----
   PDATA SIZE       =   ----    ----
   DATA SIZE        =      3    ----
   IDATA SIZE       =   ----    ----
   BIT SIZE         =   ----    ----
END OF MODULE INFORMATION.


C51 COMPILATION COMPLETE.  0 WARNING(S),  0 ERROR(S)
