C51 COMPILER V9.59.0.0   MAIN                                                              02/11/2022 14:17:08 PAGE 1   


C51 COMPILER V9.59.0.0, COMPILATION OF MODULE MAIN
OBJECT MODULE PLACED IN .\Objects\main.obj
COMPILER INVOKED BY: D:\Keil_v5\C51\BIN\C51.EXE main.c OPTIMIZE(8,SPEED) BROWSE DEBUG OBJECTEXTEND PRINT(.\Listings\main
                    -.lst) TABS(2) OBJECT(.\Objects\main.obj)

line level    source

   1          #include <STC15F2K60S2.H>
   2          
   3          unsigned char code NixieTable[]={0xc0,0xf9,0xa4,0xb0,0x99,0x92,0x82,0xf8,
   4                                      0x80,0x90,0x88,0x83,0xc6,0xa1,0x86,0x8e,
   5                                      0xbf,0x7f};
   6          unsigned char month =1;
   7          void Delay(unsigned int t)
   8          {
   9   1        while(t--);
  10   1      }
  11                                      
  12          void HC138_Init(unsigned char x)
  13          {
  14   1        switch(x)
  15   1        {
  16   2          case 4: P2 = (P2&0x1f)|0x80; break;
  17   2          case 5: P2 = (P2&0x1f)|0xa0; break;
  18   2          case 6: P2 = (P2&0x1f)|0xc0; break;
  19   2          case 7: P2 = (P2&0x1f)|0xe0; break;
  20   2        }
  21   1      } 
  22          
  23          void System_init()
  24          {
  25   1        HC138_Init(4);
  26   1        P0 =0xff;
  27   1        HC138_Init(5);
  28   1        P0 = 0x00;
  29   1      }
  30          void Nixie_Display(unsigned char i,unsigned char dat)
  31          {
  32   1        HC138_Init(6);
  33   1        P0 = 0x01 << i;
  34   1        HC138_Init(7);
  35   1        P0 = dat;
  36   1      }
  37          
  38          void Nixie_Run()
  39          {
  40   1        Nixie_Display(0,NixieTable[2]);
  41   1        Delay(100);
  42   1        Nixie_Display(1,NixieTable[0]);
  43   1        Delay(100);
  44   1        Nixie_Display(2,NixieTable[1]);
  45   1        Delay(100);
  46   1        Nixie_Display(3,NixieTable[8]);
  47   1        Delay(100);
  48   1        Nixie_Display(4,NixieTable[16]);
  49   1        Delay(100);
  50   1        Nixie_Display(5,NixieTable[16]);
  51   1        Delay(100);
  52   1        
  53   1        Nixie_Display(6,NixieTable[month/10]);
  54   1        Delay(100);
C51 COMPILER V9.59.0.0   MAIN                                                              02/11/2022 14:17:08 PAGE 2   

  55   1        Nixie_Display(7,NixieTable[month%10]);
  56   1        Delay(100);
  57   1      }
  58          void Delay_s(unsigned int t)
  59          {
  60   1        while(t--)
  61   1        {
  62   2          Nixie_Run();
  63   2        }
  64   1      }
  65          void main()
  66          {
  67   1        System_init();
  68   1        while(1)
  69   1        {
  70   2          month++;
  71   2          if(month>12)
  72   2          {
  73   3            month=1;
  74   3          }
  75   2          Nixie_Run();
  76   2          Delay_s(100);
  77   2        }
  78   1      }


MODULE INFORMATION:   STATIC OVERLAYABLE
   CODE SIZE        =    259    ----
   CONSTANT SIZE    =     18    ----
   XDATA SIZE       =   ----    ----
   PDATA SIZE       =   ----    ----
   DATA SIZE        =      1    ----
   IDATA SIZE       =   ----    ----
   BIT SIZE         =   ----    ----
END OF MODULE INFORMATION.


C51 COMPILATION COMPLETE.  0 WARNING(S),  0 ERROR(S)
