C51 COMPILER V9.59.0.0   MAIN                                                              02/11/2022 13:38:31 PAGE 1   


C51 COMPILER V9.59.0.0, COMPILATION OF MODULE MAIN
OBJECT MODULE PLACED IN .\Objects\main.obj
COMPILER INVOKED BY: D:\Keil_v5\C51\BIN\C51.EXE main.c OPTIMIZE(8,SPEED) BROWSE DEBUG OBJECTEXTEND PRINT(.\Listings\main
                    -.lst) TABS(2) OBJECT(.\Objects\main.obj)

line level    source

   1          #include <STC15F2K60S2.H>
   2          
   3          unsigned char code NixieTable[]={0xc0,0xf9,0xa4,0xb0,0x99,0x92,0x82,0xf8,
   4                                      0x80,0x90,0x88,0x83,0xc6,0xa1,0x86,0x8e,
   5                                      0xbf,0x7f};
   6          
   7          void Delay(unsigned int t)
   8          {
   9   1        while(t--);
  10   1      } 
  11                                      
  12          void HC138_Init(unsigned char x)
  13          {
  14   1        switch(x)
  15   1        {
  16   2          case 4: P2 = (P2&0X1F)|0X80; break;
  17   2          case 5: P2 = (P2&0X1F)|0Xa0; break;
  18   2          case 6: P2 = (P2&0X1F)|0Xc0; break;
  19   2          case 7: P2 = (P2&0X1F)|0Xe0; break;
  20   2        }
  21   1      } 
  22          
  23          void System_Init()
  24          {
  25   1        HC138_Init(4);
  26   1        P0 = 0xff;
  27   1        HC138_Init(5);
  28   1        P0 = 0x00;
  29   1      } 
  30          
  31          void Nixie_Display(unsigned char i,unsigned char dat)
  32          {
  33   1        HC138_Init(6);
  34   1        P0 = 0x01 << i;
  35   1        HC138_Init(7);
  36   1        P0 = dat;
  37   1      }
  38          
  39          void Nixie_Run()
  40          {
  41   1        unsigned char i,j;
  42   1        for(i=0;i<8;i++)
  43   1        {
  44   2          for(j=0;j<10;j++)
  45   2          {
  46   3            Nixie_Display(i,NixieTable[j]);
  47   3            Delay(60000);
  48   3          }
  49   2        }
  50   1        
  51   1        for(i=0;i<16;i++)
  52   1        {
  53   2          HC138_Init(6);
  54   2          P0 = 0xff;
C51 COMPILER V9.59.0.0   MAIN                                                              02/11/2022 13:38:31 PAGE 2   

  55   2          HC138_Init(7);
  56   2          P0 = NixieTable[i];
  57   2          Delay(60000);
  58   2        }
  59   1      
  60   1      }
  61          void main()
  62          {
  63   1        System_Init();
  64   1        while(1)
  65   1        {
  66   2          Nixie_Run();
  67   2        }
  68   1      }


MODULE INFORMATION:   STATIC OVERLAYABLE
   CODE SIZE        =    199    ----
   CONSTANT SIZE    =     18    ----
   XDATA SIZE       =   ----    ----
   PDATA SIZE       =   ----    ----
   DATA SIZE        =   ----    ----
   IDATA SIZE       =   ----    ----
   BIT SIZE         =   ----    ----
END OF MODULE INFORMATION.


C51 COMPILATION COMPLETE.  0 WARNING(S),  0 ERROR(S)
