C51 COMPILER V9.59.0.0   MAIN                                                              02/12/2022 14:31:40 PAGE 1   


C51 COMPILER V9.59.0.0, COMPILATION OF MODULE MAIN
OBJECT MODULE PLACED IN .\Objects\main.obj
COMPILER INVOKED BY: D:\Keil_v5\C51\BIN\C51.EXE main.c OPTIMIZE(8,SPEED) BROWSE DEBUG OBJECTEXTEND PRINT(.\Listings\main
                    -.lst) TABS(2) OBJECT(.\Objects\main.obj)

line level    source

   1          #include <STC15F2K60S2.H>
   2          
   3          sbit L1 = P0^0;
   4          sbit S7 = P3^0;
   5          
   6          void HC138_Init(unsigned char channel)
   7          {
   8   1        switch(channel)
   9   1        {
  10   2          case 4: P2 = (P2&0x1f) | 0x80;  break;
  11   2          case 5: P2 = (P2&0x1f) | 0xa0;  break;
  12   2          case 6: P2 = (P2&0x1f) | 0xc0;  break;
  13   2          case 7: P2 = (P2&0x1f) | 0xe0;  break;
  14   2        }
  15   1      }
  16          //============定时器相关======================
  17          void Timer0_Init()
  18          {
  19   1        TMOD = 0x01;
  20   1        TH0 = (65535-100)/256;
  21   1        TL0 = (65535-100)%256;
  22   1        ET0= 1;
  23   1        EA = 1;
  24   1        TR0 = 1;
  25   1      }
  26          
  27          unsigned char count,compare;
  28          
  29          void Timer0_Service() interrupt 1
  30          {
  31   1        TH0 = (65535-100)/256;
  32   1        TL0 = (65535-100)%256;
  33   1        count++;
  34   1        count= count%100;
  35   1        if(count<compare)
  36   1        {
  37   2          HC138_Init(4);
  38   2          L1=0;
  39   2        }
  40   1        else
  41   1        {
  42   2          HC138_Init(4);
  43   2          L1=1;
  44   2        }
  45   1      }
  46          
  47          //===========按键相关==============
  48          
  49          void Delay(unsigned int t)
  50          {
  51   1        while(t--);
  52   1      }
  53          
  54          unsigned char flag=0;
C51 COMPILER V9.59.0.0   MAIN                                                              02/12/2022 14:31:40 PAGE 2   

  55          void LED_Run()
  56          {
  57   1        if(flag==0)  compare=0;
  58   1        if(flag==1)  compare=10;
  59   1        if(flag==2)  compare=50;
  60   1        if(flag==3)  compare=90;
  61   1      }
  62            
  63          void Key_Scan()
  64          {
  65   1        if(S7 == 0)
  66   1        {
  67   2          Delay(100);
  68   2          if(S7 ==0)
  69   2          {
  70   3            flag++;
  71   3            flag= flag%4;
  72   3            while(S7==0)
  73   3            {
  74   4              LED_Run();
  75   4            }
  76   3          }
  77   2        }
  78   1      }
  79          
  80          void main()
  81          {
  82   1        Timer0_Init();
  83   1        while(1)
  84   1        {
  85   2          Key_Scan();
  86   2        }
  87   1      }


MODULE INFORMATION:   STATIC OVERLAYABLE
   CODE SIZE        =    208    ----
   CONSTANT SIZE    =   ----    ----
   XDATA SIZE       =   ----    ----
   PDATA SIZE       =   ----    ----
   DATA SIZE        =      3    ----
   IDATA SIZE       =   ----    ----
   BIT SIZE         =   ----    ----
END OF MODULE INFORMATION.


C51 COMPILATION COMPLETE.  0 WARNING(S),  0 ERROR(S)
