C51 COMPILER V9.59.0.0   MIAN                                                              02/20/2022 17:21:03 PAGE 1   


C51 COMPILER V9.59.0.0, COMPILATION OF MODULE MIAN
OBJECT MODULE PLACED IN .\Objects\mian.obj
COMPILER INVOKED BY: D:\Keil_v5\C51\BIN\C51.EXE mian.c OPTIMIZE(8,SPEED) BROWSE DEBUG OBJECTEXTEND PRINT(.\Listings\mian
                    -.lst) TABS(2) OBJECT(.\Objects\mian.obj)

line level    source

   1          #include <STC15F2K60S2.H>
   2          #include "absacc.h"
   3          #include "iic.h"
   4          unsigned char dat_rd3;
   5          unsigned char code NixieTable[]={0xc0,0xf9,0xa4,0xb0,0x99,0x92,0x82,0xf8,
   6                                      0x80,0x90,0x88,0x83,0xc6,0xa1,0x86,0x8e,
   7                                      0xbf,0x7f};
   8          
   9          
  10          
  11          void Delay(unsigned int t)
  12          {
  13   1        while(t--);
  14   1      }
  15          
  16          void Nixie_Display(unsigned char addr,unsigned char dat)
  17          {
  18   1        XBYTE[0XC000] = 0X01<<addr;
  19   1        XBYTE[0XE000] = dat; 
  20   1      }
  21          
  22          
  23          
  24          void Read_Rd3()
  25          {
  26   1        IIC_Start();
  27   1        IIC_SendByte(0x90);
  28   1        IIC_WaitAck();
  29   1        IIC_SendByte(0x03);
  30   1        IIC_WaitAck();
  31   1        IIC_Stop();
  32   1        
  33   1        IIC_Start();
  34   1        IIC_SendByte(0x91);
  35   1        IIC_WaitAck();
  36   1        dat_rd3 = IIC_RecByte();
  37   1        IIC_WaitAck();
  38   1        IIC_SendAck(0);
  39   1        IIC_Stop();
  40   1      }
  41          
  42          void Write_DAC(unsigned char dat)
  43          {
  44   1        IIC_Start();
  45   1        IIC_SendByte(0x90);
  46   1        IIC_WaitAck();
  47   1        IIC_SendByte(0x40);
  48   1        IIC_WaitAck();
  49   1        IIC_SendByte(dat);
  50   1        IIC_WaitAck();
  51   1        IIC_Stop();
  52   1      }
  53          
  54          void Nixie_Run()
C51 COMPILER V9.59.0.0   MIAN                                                              02/20/2022 17:21:03 PAGE 2   

  55          {
  56   1        XBYTE[0XC000] = 0X1f;
  57   1        XBYTE[0XE000] = 0xff; 
  58   1        Delay(500);
  59   1        
  60   1        Nixie_Display(5,NixieTable[dat_rd3/100]);
  61   1        Delay(500);
  62   1        Nixie_Display(6,NixieTable[(dat_rd3%100)/10]);
  63   1        Delay(500);
  64   1        Nixie_Display(7,NixieTable[dat_rd3%10]);
  65   1        Delay(500);
  66   1        
  67   1        XBYTE[0XC000] = 0Xff;
  68   1        XBYTE[0XE000] = 0xff;
  69   1      }
  70                                      
  71          void main()
  72          {
  73   1        while(1)
  74   1        {
  75   2          Read_Rd3();
  76   2          Nixie_Run();
  77   2          Write_DAC(dat_rd3);
  78   2        }
  79   1      } 


MODULE INFORMATION:   STATIC OVERLAYABLE
   CODE SIZE        =    209    ----
   CONSTANT SIZE    =     18    ----
   XDATA SIZE       =   ----    ----
   PDATA SIZE       =   ----    ----
   DATA SIZE        =      1       1
   IDATA SIZE       =   ----    ----
   BIT SIZE         =   ----    ----
END OF MODULE INFORMATION.


C51 COMPILATION COMPLETE.  0 WARNING(S),  0 ERROR(S)
