C51 COMPILER V9.59.0.0   MAIN                                                              03/07/2022 22:06:56 PAGE 1   


C51 COMPILER V9.59.0.0, COMPILATION OF MODULE MAIN
OBJECT MODULE PLACED IN .\Objects\main.obj
COMPILER INVOKED BY: D:\Keil_v5\C51\BIN\C51.EXE main.c OPTIMIZE(8,SPEED) BROWSE DEBUG OBJECTEXTEND PRINT(.\Listings\main
                    -.lst) TABS(2) OBJECT(.\Objects\main.obj)

line level    source

   1          #include <STC15F2K60S2.H>
   2          
   3          sbit L1 = P0^0;
   4          sbit L8 = P0^7;
   5          
   6          void Delay(unsigned int t)
   7          {
   8   1        while(t--);
   9   1      }
  10          
  11          void HC138_Init(unsigned char channel)
  12          {
  13   1        switch(channel)
  14   1        {
  15   2          case 4: P2 = (P2 & 0x1f)|0x80;break;
  16   2          case 5: P2 = (P2 & 0x1f)|0xa0;break;
  17   2          case 6: P2 = (P2 & 0x1f)|0xc0;break;
  18   2          case 7: P2 = (P2 & 0x1f)|0xe0;break;
  19   2        }
  20   1      }
  21          
  22          void System_Init()
  23          {
  24   1        HC138_Init(5);
  25   1        P0 = 0x00;
  26   1        HC138_Init(4);
  27   1        P0 = 0xff;
  28   1      }
  29          //===============================================
  30          void EXTI0_Init()
  31          { 
  32   1        IT0 = 1;
  33   1        EX0 = 1;
  34   1        EA = 1;
  35   1      }
  36          unsigned char flag;
  37          void EXTI_Service() interrupt 0
  38          {
  39   1        flag = 1; 
  40   1      }
  41          //===============================================
  42          void LED_Run()
  43          {
  44   1        HC138_Init(4);
  45   1        L1 = 0;
  46   1        Delay(60000);
  47   1        L1 = 1;
  48   1        Delay(60000);
  49   1      }
  50          void L8_Run()
  51          {
  52   1        if(flag==1)
  53   1        {
  54   2        L8 = 0;
C51 COMPILER V9.59.0.0   MAIN                                                              03/07/2022 22:06:56 PAGE 2   

  55   2        Delay(60000);
  56   2        Delay(60000);
  57   2        L8 = 1;
  58   2        Delay(60000);
  59   2        Delay(60000);
  60   2        flag = 0;
  61   2        }
  62   1      
  63   1      }
  64          void main()
  65          {
  66   1        System_Init();
  67   1        EXTI0_Init();
  68   1        while(1)
  69   1        {
  70   2          LED_Run();
  71   2          L8_Run();
  72   2        }
  73   1      }


MODULE INFORMATION:   STATIC OVERLAYABLE
   CODE SIZE        =    153    ----
   CONSTANT SIZE    =   ----    ----
   XDATA SIZE       =   ----    ----
   PDATA SIZE       =   ----    ----
   DATA SIZE        =      1    ----
   IDATA SIZE       =   ----    ----
   BIT SIZE         =   ----    ----
END OF MODULE INFORMATION.


C51 COMPILATION COMPLETE.  0 WARNING(S),  0 ERROR(S)
