C51 COMPILER V9.59.0.0   MAIN                                                              02/20/2022 14:31:39 PAGE 1   


C51 COMPILER V9.59.0.0, COMPILATION OF MODULE MAIN
OBJECT MODULE PLACED IN .\Objects\main.obj
COMPILER INVOKED BY: D:\Keil_v5\C51\BIN\C51.EXE main.c OPTIMIZE(8,SPEED) BROWSE DEBUG OBJECTEXTEND PRINT(.\Listings\main
                    -.lst) TABS(2) OBJECT(.\Objects\main.obj)

line level    source

   1          #include <STC15F2K60S2.H>
   2          #include "iic.h"
   3          #include "absacc.h"
   4          
   5          sbit S4 = P3^3;
   6          sbit S5 = P3^2;
   7          unsigned char dat_rd1;
   8          unsigned char level;
   9          unsigned char back_rd1;
  10          unsigned char back_level;
  11          
  12          void Nixie_Run_old();
  13          
  14          
  15          unsigned char code NixieTable[]={0xc0,0xf9,0xa4,0xb0,0x99,0x92,0x82,0xf8,
  16                                      0x80,0x90,0x88,0x83,0xc6,0xa1,0x86,0x8e,
  17                                      0xbf,0x7f};
  18          void Delay(unsigned int t)
  19          {
  20   1        while(t--);
  21   1      } 
  22          
  23          void Read_RD1()
  24          {
  25   1        IIC_Start();
  26   1        IIC_SendByte(0x90);
  27   1        IIC_WaitAck();
  28   1        IIC_SendByte(0x01);
  29   1        IIC_WaitAck();
  30   1        IIC_Stop();
  31   1        
  32   1        IIC_Start();
  33   1        IIC_SendByte(0x91);
  34   1        IIC_WaitAck();
  35   1        dat_rd1 = IIC_RecByte();
  36   1        IIC_WaitAck();
  37   1        IIC_SendAck(0);
  38   1        IIC_Stop();
  39   1      } 
  40          
  41          unsigned char AT24C02_Read(unsigned char addr)
  42          {
  43   1        unsigned char temp;
  44   1        IIC_Start();
  45   1        IIC_SendByte(0xA0);
  46   1        IIC_WaitAck();
  47   1        IIC_SendByte(addr);
  48   1        IIC_WaitAck();
  49   1        
  50   1        IIC_Start();
  51   1        IIC_SendByte(0xA1);
  52   1        IIC_WaitAck();
  53   1        temp = IIC_RecByte();
  54   1        IIC_WaitAck();
C51 COMPILER V9.59.0.0   MAIN                                                              02/20/2022 14:31:39 PAGE 2   

  55   1        IIC_SendAck(0);
  56   1        IIC_Stop();
  57   1        return temp;
  58   1      }
  59          
  60          void AT24C02_Write(unsigned char addr,unsigned char dat)
  61          {
  62   1        IIC_Start();
  63   1        IIC_SendByte(0xA0);
  64   1        IIC_WaitAck();
  65   1        IIC_SendByte(addr);
  66   1        IIC_WaitAck();
  67   1        IIC_SendByte(dat);
  68   1        IIC_WaitAck();
  69   1        IIC_Stop();
  70   1      }
  71          void Right_auto()
  72          {
  73   1        Read_RD1();
  74   1        if(dat_rd1>200)
  75   1        {
  76   2          XBYTE[0X8000] = 0XFE;
  77   2          level = 1;
  78   2        }
  79   1        else if(dat_rd1>150)
  80   1        {
  81   2          XBYTE[0X8000] = 0XFC;
  82   2          level = 2;
  83   2        }
  84   1        else if(dat_rd1>100)
  85   1        {
  86   2          XBYTE[0X8000] = 0XF0;
  87   2          level = 3;
  88   2        }
  89   1        else if(dat_rd1>50)
  90   1        {
  91   2          XBYTE[0X8000] = 0XC0;
  92   2          level = 4;
  93   2        }
  94   1        else if(dat_rd1>0)
  95   1        {
  96   2          XBYTE[0X8000] = 0X00;
  97   2          level = 5;
  98   2        }
  99   1      }
 100          
 101          void Nixie_Display(unsigned char pose,unsigned char dat)
 102          {
 103   1        XBYTE[0XC000] = 0x01 <<pose;
 104   1        XBYTE[0XE000] = dat ;
 105   1      }
 106          void Nixie_Run_now()
 107          {
 108   1        Nixie_Display(0,0xbf);
 109   1        Delay(500);
 110   1        Nixie_Display(1,NixieTable[level]);
 111   1        Delay(500);
 112   1        Nixie_Display(2,0xbf);
 113   1        Delay(500);
 114   1        Nixie_Display(3,0xff);
 115   1        Delay(500);
 116   1        Nixie_Display(4,0xff);
C51 COMPILER V9.59.0.0   MAIN                                                              02/20/2022 14:31:39 PAGE 3   

 117   1        Delay(500);
 118   1        Nixie_Display(5,NixieTable[dat_rd1/100]);
 119   1        Delay(500);
 120   1        Nixie_Display(6,NixieTable[(dat_rd1/10)%10]);
 121   1        Delay(500);
 122   1        Nixie_Display(7,NixieTable[dat_rd1%10]);
 123   1        Delay(500);
 124   1        
 125   1        XBYTE[0XA000] = 0xff;
 126   1        XBYTE[0XC000] = 0x00;
 127   1      }
 128          
 129          void Key_Scan()
 130          {
 131   1        if(S4==0)
 132   1        {
 133   2          Delay(20);
 134   2          if(S4==0)
 135   2          {
 136   3            AT24C02_Write(0x01,level);
 137   3            AT24C02_Write(0x02,dat_rd1);
 138   3            while(S4==0)
 139   3            {
 140   4              Nixie_Run_now();
 141   4            }
 142   3          }
 143   2        }
 144   1        if(S5==0)
 145   1        {
 146   2          Delay(20);
 147   2          if(S5==0)
 148   2          {
 149   3            back_level = AT24C02_Read(0x01);
 150   3            back_rd1 = AT24C02_Read(0x02);
 151   3            while(S5==0)
 152   3            {
 153   4              Nixie_Run_old();
 154   4            }
 155   3          }
 156   2        }
 157   1      }
 158          
 159          void Nixie_Run_old()
 160          {
 161   1        Nixie_Display(0,0xbf);
 162   1        Delay(500);
 163   1        Nixie_Display(1,NixieTable[back_level]);
 164   1        Delay(500);
 165   1        Nixie_Display(2,0xbf);
 166   1        Delay(500);
 167   1        Nixie_Display(3,0xff);
 168   1        Delay(500);
 169   1        Nixie_Display(4,0xff);
 170   1        Delay(500);
 171   1        Nixie_Display(5,NixieTable[back_rd1/100]);
 172   1        Delay(500);
 173   1        Nixie_Display(6,NixieTable[(back_rd1/10)%10]);
 174   1        Delay(500);
 175   1        Nixie_Display(7,NixieTable[back_rd1%10]);
 176   1        Delay(500);
 177   1        
 178   1        XBYTE[0XA000] = 0xff;
C51 COMPILER V9.59.0.0   MAIN                                                              02/20/2022 14:31:39 PAGE 4   

 179   1        XBYTE[0XC000] = 0x00;
 180   1      }
 181          
 182          void main()
 183          {
 184   1        XBYTE[0X8000] = 0xff;
 185   1        XBYTE[0XA000] = 0x00;
 186   1        while(1)
 187   1        {
 188   2          Right_auto();
 189   2          Key_Scan();
 190   2          Nixie_Run_now();
 191   2        }
 192   1      }


MODULE INFORMATION:   STATIC OVERLAYABLE
   CODE SIZE        =    560    ----
   CONSTANT SIZE    =     18    ----
   XDATA SIZE       =   ----    ----
   PDATA SIZE       =   ----    ----
   DATA SIZE        =      4       4
   IDATA SIZE       =   ----    ----
   BIT SIZE         =   ----    ----
END OF MODULE INFORMATION.


C51 COMPILATION COMPLETE.  0 WARNING(S),  0 ERROR(S)
