C51 COMPILER V9.59.0.0   MAIN                                                              02/12/2022 17:56:58 PAGE 1   


C51 COMPILER V9.59.0.0, COMPILATION OF MODULE MAIN
OBJECT MODULE PLACED IN .\Objects\main.obj
COMPILER INVOKED BY: D:\Keil_v5\C51\BIN\C51.EXE main.c OPTIMIZE(8,SPEED) BROWSE DEBUG OBJECTEXTEND PRINT(.\Listings\main
                    -.lst) TABS(2) OBJECT(.\Objects\main.obj)

line level    source

   1          #include <STC15F2K60S2.H>
   2          #include "absacc.h"
   3          
   4          void Delay(unsigned int t)
   5          {
   6   1        while(t--);
   7   1      }
   8          void System_Init()
   9          {
  10   1        XBYTE[0xa000] = 0x00;
  11   1        XBYTE[0x8000] = 0xff;
  12   1      }
  13          
  14          void LED_Run()
  15          {
  16   1        XBYTE[0x8000] = 0xf0;
  17   1        Delay(60000);
  18   1        Delay(60000);
  19   1        Delay(60000);
  20   1        XBYTE[0x8000] = 0x0f;
  21   1        Delay(60000);
  22   1        Delay(60000);
  23   1        Delay(60000);
  24   1        XBYTE[0x8000] = 0xff;
  25   1        Delay(60000);
  26   1        Delay(60000);
  27   1        Delay(60000);
  28   1      }
  29          
  30          void Nixie_Run()
  31          {
  32   1        unsigned char i;
  33   1        for(i=0;i<8;i++)
  34   1        {
  35   2          XBYTE[0xc000] = 0x01 << i;
  36   2          XBYTE[0xe000] = 0x00;
  37   2          Delay(60000);
  38   2          Delay(60000);
  39   2          Delay(60000);
  40   2        }
  41   1        XBYTE[0xc000] = 0xff;
  42   1        XBYTE[0xe000] = 0xff;
  43   1      }
  44          
  45          void main()
  46          {
  47   1        System_Init();
  48   1        while(1)
  49   1        {
  50   2          LED_Run();
  51   2          Nixie_Run();
  52   2        }
  53   1      }
  54          
C51 COMPILER V9.59.0.0   MAIN                                                              02/12/2022 17:56:58 PAGE 2   



MODULE INFORMATION:   STATIC OVERLAYABLE
   CODE SIZE        =    127    ----
   CONSTANT SIZE    =   ----    ----
   XDATA SIZE       =   ----    ----
   PDATA SIZE       =   ----    ----
   DATA SIZE        =   ----    ----
   IDATA SIZE       =   ----    ----
   BIT SIZE         =   ----    ----
END OF MODULE INFORMATION.


C51 COMPILATION COMPLETE.  0 WARNING(S),  0 ERROR(S)
