C51 COMPILER V9.59.0.0   MAIN                                                              02/12/2022 15:59:15 PAGE 1   


C51 COMPILER V9.59.0.0, COMPILATION OF MODULE MAIN
OBJECT MODULE PLACED IN .\Objects\main.obj
COMPILER INVOKED BY: D:\Keil_v5\C51\BIN\C51.EXE main.c OPTIMIZE(8,SPEED) BROWSE DEBUG OBJECTEXTEND PRINT(.\Listings\main
                    -.lst) TABS(2) OBJECT(.\Objects\main.obj)

line level    source

   1          #include <STC15F2K60S2.H>
   2          
   3          //==============´®¿Ú³õÊ¼»¯========================
   4          void UART_Init()
   5          {
   6   1        TMOD = 0x20;
   7   1        TH1 = 0xfd;
   8   1        TL1 = 0xfd;
   9   1        AUXR &=0X40; 
  10   1        TR1 = 1;
  11   1        SCON = 0x50;
  12   1        EA = 1;
  13   1        ES = 1;
  14   1      }
  15          void Send_Byte(unsigned char dat)
  16          {
  17   1        SBUF = dat;
  18   1        while(TI==0);
  19   1        TI=0;
  20   1      }
  21          unsigned char urdat;
  22          void UART_Service() interrupt 4
  23          {
  24   1        if(RI==1)
  25   1        {
  26   2          RI=0;
  27   2          urdat=SBUF;
  28   2          Send_Byte(urdat+1);
  29   2        }
  30   1      }
  31          void main()
  32          {
  33   1        UART_Init();
  34   1        Send_Byte(0x5A);
  35   1        Send_Byte(0xa5);
  36   1        while(1)
  37   1        {
  38   2          
  39   2        }
  40   1      }


MODULE INFORMATION:   STATIC OVERLAYABLE
   CODE SIZE        =     76    ----
   CONSTANT SIZE    =   ----    ----
   XDATA SIZE       =   ----    ----
   PDATA SIZE       =   ----    ----
   DATA SIZE        =      1    ----
   IDATA SIZE       =   ----    ----
   BIT SIZE         =   ----    ----
END OF MODULE INFORMATION.


C51 COMPILATION COMPLETE.  0 WARNING(S),  0 ERROR(S)
