C51 COMPILER V9.59.0.0   MAIN                                                              02/20/2022 13:46:04 PAGE 1   


C51 COMPILER V9.59.0.0, COMPILATION OF MODULE MAIN
OBJECT MODULE PLACED IN .\Objects\main.obj
COMPILER INVOKED BY: D:\Keil_v5\C51\BIN\C51.EXE main.c OPTIMIZE(8,SPEED) BROWSE DEBUG OBJECTEXTEND PRINT(.\Listings\main
                    -.lst) TABS(2) OBJECT(.\Objects\main.obj)

line level    source

   1          #include <STC15F2K60S2.H>
   2          #include "absacc.h"
   3          #include "iic.h"
   4          
   5          void Nixie_Run(unsigned char channel,unsigned char dat);
   6          sbit S4 = P3^3;
   7          unsigned char code NixieTable[]={0xc0,0xf9,0xa4,0xb0,0x99,0x92,0x82,0xf8,
   8                                      0x80,0x90,0x88,0x83,0xc6,0xa1,0x86,0x8e,
   9                                      0xbf,0x7f};
  10          void Delay(unsigned int t)
  11          {
  12   1        while(t--);
  13   1      } 
  14          unsigned char temp1=0;
  15          unsigned char temp2=0;
  16          void AIN3_Read()
  17          {
  18   1      
  19   1        IIC_Start();
  20   1        IIC_SendByte(0x90);
  21   1        IIC_WaitAck();
  22   1        IIC_SendByte(0x03);
  23   1        IIC_WaitAck();
  24   1        IIC_Stop();
  25   1        
  26   1        //Nixie_Run(3,temp2);
  27   1        
  28   1        IIC_Start();
  29   1        IIC_SendByte(0x91);
  30   1        IIC_WaitAck();
  31   1        temp2 =IIC_RecByte();
  32   1        IIC_WaitAck();
  33   1        IIC_SendAck(0);
  34   1        IIC_Stop();
  35   1        Nixie_Run(3,temp2);
  36   1      }
  37          void AIN1_Read()
  38          {
  39   1        IIC_Start();
  40   1        IIC_SendByte(0x90);
  41   1        IIC_WaitAck();
  42   1        IIC_SendByte(0x01);
  43   1        IIC_WaitAck();
  44   1        IIC_Stop();
  45   1        
  46   1        //Nixie_Run(1,temp1);
  47   1        
  48   1        IIC_Start();
  49   1        IIC_SendByte(0x91);
  50   1        IIC_WaitAck();
  51   1        temp1 =IIC_RecByte();
  52   1        IIC_WaitAck();
  53   1        IIC_SendAck(0);
  54   1        IIC_Stop();
C51 COMPILER V9.59.0.0   MAIN                                                              02/20/2022 13:46:04 PAGE 2   

  55   1        Nixie_Run(1,temp1);
  56   1      }
  57          unsigned char flag=1;
  58          void Key_Scan()
  59          {
  60   1        if(S4==0)
  61   1        {
  62   2          Delay(50);
  63   2          if(S4==0)
  64   2          {
  65   3            if(flag==1)
  66   3            {
  67   4              flag=2;
  68   4              while(S4==0)
  69   4              {
  70   5                Nixie_Run(1,temp1);
  71   5              }
  72   4            }
  73   3            else if(flag==2) 
  74   3            {
  75   4              flag=1;
  76   4              while(S4==0)
  77   4              {
  78   5                Nixie_Run(3,temp2);
  79   5              }
  80   4            }
  81   3          }
  82   2        }
  83   1      }
  84          void Nixie_Display(unsigned char pose,unsigned char dat)
  85          {
  86   1        XBYTE[0XC000] = 0x01 <<pose;
  87   1        XBYTE[0XE000] = dat ;
  88   1      }
  89          
  90          void Nixie_Run(unsigned char channel,unsigned char dat)
  91          {
  92   1        Nixie_Display(0,0xbf);
  93   1        Delay(500);
  94   1        Nixie_Display(1,NixieTable[channel]);
  95   1        Delay(500);
  96   1        Nixie_Display(2,0xbf);
  97   1        Delay(500);
  98   1        Nixie_Display(3,0xff);
  99   1        Delay(500);
 100   1        Nixie_Display(4,0xff);
 101   1        Delay(500);
 102   1        Nixie_Display(5,NixieTable[dat/100]);
 103   1        Delay(500);
 104   1        Nixie_Display(6,NixieTable[(dat/10)%10]);
 105   1        Delay(500);
 106   1        Nixie_Display(7,NixieTable[dat%10]);
 107   1        Delay(500);
 108   1        
 109   1        XBYTE[0XA000] = 0xff;
 110   1        XBYTE[0XC000] = 0x00;
 111   1      }
 112          void main()
 113          {
 114   1        XBYTE[0X8000] = 0xff;
 115   1        XBYTE[0Xa000] = 0x00;
 116   1        while(1)
C51 COMPILER V9.59.0.0   MAIN                                                              02/20/2022 13:46:04 PAGE 3   

 117   1        {
 118   2          Key_Scan();
 119   2          if(flag==1)
 120   2          {
 121   3            AIN1_Read();
 122   3          }
 123   2          else if(flag==2)
 124   2          {
 125   3            AIN3_Read();
 126   3          }
 127   2        }
 128   1      }
 129          


MODULE INFORMATION:   STATIC OVERLAYABLE
   CODE SIZE        =    338    ----
   CONSTANT SIZE    =     18    ----
   XDATA SIZE       =   ----    ----
   PDATA SIZE       =   ----    ----
   DATA SIZE        =      3    ----
   IDATA SIZE       =   ----    ----
   BIT SIZE         =   ----    ----
END OF MODULE INFORMATION.


C51 COMPILATION COMPLETE.  0 WARNING(S),  0 ERROR(S)
